[0.009s] Invoking command in '/home/jayson/Chap3/topic_practice_ws/build/status_interfaces': CMAKE_PREFIX_PATH=${CMAKE_PREFIX_PATH}:/home/jayson/Chap3/topic_practice_ws/install/status_publisher:/opt/ros/humble /usr/bin/cmake --build /home/jayson/Chap3/topic_practice_ws/build/status_interfaces -- -j8 -l8
[0.025s] -- Found ament_cmake: 1.3.12 (/opt/ros/humble/share/ament_cmake/cmake)
[0.107s] -- Found builtin_interfaces: 1.2.2 (/opt/ros/humble/share/builtin_interfaces/cmake)
[0.120s] -- Found rosidl_generator_c: 3.1.7 (/opt/ros/humble/share/rosidl_generator_c/cmake)
[0.122s] -- Found rosidl_adapter: 3.1.7 (/opt/ros/humble/share/rosidl_adapter/cmake)
[0.125s] -- Found rosidl_generator_cpp: 3.1.7 (/opt/ros/humble/share/rosidl_generator_cpp/cmake)
[0.130s] -- Using all available rosidl_typesupport_c: rosidl_typesupport_fastrtps_c;rosidl_typesupport_introspection_c
[0.137s] -- Using all available rosidl_typesupport_cpp: rosidl_typesupport_fastrtps_cpp;rosidl_typesupport_introspection_cpp
[0.143s] -- Found rosidl_default_generators: 1.2.0 (/opt/ros/humble/share/rosidl_default_generators/cmake)
[0.294s] -- Found ament_cmake_ros: 0.10.0 (/opt/ros/humble/share/ament_cmake_ros/cmake)
[0.491s] -- Using all available rosidl_typesupport_c: rosidl_typesupport_fastrtps_c;rosidl_typesupport_introspection_c
[0.568s] -- Using all available rosidl_typesupport_cpp: rosidl_typesupport_fastrtps_cpp;rosidl_typesupport_introspection_cpp
[0.582s] -- Found python_cmake_module: 0.10.0 (/opt/ros/humble/share/python_cmake_module/cmake)
[0.595s] -- Using PYTHON_EXECUTABLE: /usr/bin/python3
[0.596s] -- Using PYTHON_INCLUDE_DIRS: /usr/include/python3.10
[0.596s] -- Using PYTHON_LIBRARIES: /usr/lib/x86_64-linux-gnu/libpython3.10.so
[0.603s] -- Found ament_lint_auto: 0.12.14 (/opt/ros/humble/share/ament_lint_auto/cmake)
[0.608s] -- Added test 'lint_cmake' to check CMake code style
[0.608s] -- Added test 'xmllint' to check XML markup files
[0.609s] -- Configuring done
[0.632s] -- Generating done
[0.640s] -- Build files have been written to: /home/jayson/Chap3/topic_practice_ws/build/status_interfaces
[0.654s] [  3%] [34m[1mGenerating C code for ROS interfaces[0m
[0.660s] [  6%] [34m[1mGenerating C++ code for ROS interfaces[0m
[0.670s] [  6%] Built target ament_cmake_python_copy_status_interfaces
[0.824s] [  6%] Built target status_interfaces__cpp
[0.825s] running egg_info
[0.826s] writing status_interfaces.egg-info/PKG-INFO
[0.826s] writing dependency_links to status_interfaces.egg-info/dependency_links.txt
[0.826s] writing top-level names to status_interfaces.egg-info/top_level.txt
[0.829s] reading manifest file 'status_interfaces.egg-info/SOURCES.txt'
[0.829s] writing manifest file 'status_interfaces.egg-info/SOURCES.txt'
[0.833s] [ 12%] [34m[1mGenerating C++ type support for eProsima Fast-RTPS[0m
[0.834s] [ 12%] [34m[1mGenerating C++ introspection for ROS interfaces[0m
[0.834s] [ 16%] [34m[1mGenerating C++ type support dispatch for ROS interfaces[0m
[0.851s] [ 16%] Built target ament_cmake_python_build_status_interfaces_egg
[0.856s] [35m[1mConsolidate compiler generated dependencies of target status_interfaces__rosidl_generator_c[0m
[0.864s] [ 19%] [32mBuilding C object CMakeFiles/status_interfaces__rosidl_generator_c.dir/rosidl_generator_c/status_interfaces/msg/detail/system_status__functions.c.o[0m
[0.896s] [ 22%] [32m[1mLinking C shared library libstatus_interfaces__rosidl_generator_c.so[0m
[0.919s] [ 22%] Built target status_interfaces__rosidl_generator_c
[0.927s] [ 25%] [34m[1mGenerating C introspection for ROS interfaces[0m
[0.935s] [ 32%] [34m[1mGenerating C type support dispatch for ROS interfaces[0m
[0.935s] [ 32%] [34m[1mGenerating C type support for eProsima Fast-RTPS[0m
[0.988s] [35m[1mConsolidate compiler generated dependencies of target status_interfaces__rosidl_typesupport_cpp[0m
[0.998s] [ 35%] [32mBuilding CXX object CMakeFiles/status_interfaces__rosidl_typesupport_cpp.dir/rosidl_typesupport_cpp/status_interfaces/msg/system_status__type_support.cpp.o[0m
[1.002s] [35m[1mConsolidate compiler generated dependencies of target status_interfaces__rosidl_typesupport_introspection_cpp[0m
[1.002s] [35m[1mConsolidate compiler generated dependencies of target status_interfaces__rosidl_typesupport_fastrtps_cpp[0m
[1.012s] [ 38%] [32mBuilding CXX object CMakeFiles/status_interfaces__rosidl_typesupport_introspection_cpp.dir/rosidl_typesupport_introspection_cpp/status_interfaces/msg/detail/system_status__type_support.cpp.o[0m
[1.015s] [ 41%] [32mBuilding CXX object CMakeFiles/status_interfaces__rosidl_typesupport_fastrtps_cpp.dir/rosidl_typesupport_fastrtps_cpp/status_interfaces/msg/detail/dds_fastrtps/system_status__type_support.cpp.o[0m
[1.110s] [35m[1mConsolidate compiler generated dependencies of target status_interfaces__rosidl_typesupport_introspection_c[0m
[1.118s] [ 45%] [32mBuilding C object CMakeFiles/status_interfaces__rosidl_typesupport_introspection_c.dir/rosidl_typesupport_introspection_c/status_interfaces/msg/detail/system_status__type_support.c.o[0m
[1.123s] [35m[1mConsolidate compiler generated dependencies of target status_interfaces__rosidl_typesupport_c[0m
[1.131s] [ 48%] [32mBuilding CXX object CMakeFiles/status_interfaces__rosidl_typesupport_c.dir/rosidl_typesupport_c/status_interfaces/msg/system_status__type_support.cpp.o[0m
[1.155s] [ 51%] [32m[1mLinking C shared library libstatus_interfaces__rosidl_typesupport_introspection_c.so[0m
[1.168s] [ 54%] [32m[1mLinking CXX shared library libstatus_interfaces__rosidl_typesupport_c.so[0m
[1.176s] [ 58%] [32m[1mLinking CXX shared library libstatus_interfaces__rosidl_typesupport_cpp.so[0m
[1.182s] [ 58%] Built target status_interfaces__rosidl_typesupport_introspection_c
[1.184s] [35m[1mConsolidate compiler generated dependencies of target status_interfaces__rosidl_typesupport_fastrtps_c[0m
[1.192s] [ 61%] [32mBuilding CXX object CMakeFiles/status_interfaces__rosidl_typesupport_fastrtps_c.dir/rosidl_typesupport_fastrtps_c/status_interfaces/msg/detail/system_status__type_support_c.cpp.o[0m
[1.195s] [ 61%] Built target status_interfaces__rosidl_typesupport_c
[1.204s] [ 61%] Built target status_interfaces__rosidl_typesupport_cpp
[1.240s] [ 64%] [32m[1mLinking CXX shared library libstatus_interfaces__rosidl_typesupport_introspection_cpp.so[0m
[1.279s] [ 64%] Built target status_interfaces__rosidl_typesupport_introspection_cpp
[1.294s] [ 67%] [32m[1mLinking CXX shared library libstatus_interfaces__rosidl_typesupport_fastrtps_cpp.so[0m
[1.338s] [ 67%] Built target status_interfaces__rosidl_typesupport_fastrtps_cpp
[1.376s] [ 70%] [32m[1mLinking CXX shared library libstatus_interfaces__rosidl_typesupport_fastrtps_c.so[0m
[1.418s] [ 70%] Built target status_interfaces__rosidl_typesupport_fastrtps_c
[1.435s] [ 70%] Built target status_interfaces
[1.449s] [ 74%] [34m[1mGenerating Python code for ROS interfaces[0m
[1.653s] [ 74%] Built target status_interfaces__py
[1.660s] [35m[1mConsolidate compiler generated dependencies of target status_interfaces__rosidl_generator_py[0m
[1.668s] [ 77%] [32mBuilding C object CMakeFiles/status_interfaces__rosidl_generator_py.dir/rosidl_generator_py/status_interfaces/msg/_system_status_s.c.o[0m
[1.726s] [ 80%] [32m[1mLinking C shared library rosidl_generator_py/status_interfaces/libstatus_interfaces__rosidl_generator_py.so[0m
[1.752s] [ 80%] Built target status_interfaces__rosidl_generator_py
[1.759s] [35m[1mConsolidate compiler generated dependencies of target status_interfaces__rosidl_typesupport_introspection_c__pyext[0m
[1.759s] [35m[1mConsolidate compiler generated dependencies of target status_interfaces__rosidl_typesupport_c__pyext[0m
[1.759s] [35m[1mConsolidate compiler generated dependencies of target status_interfaces__rosidl_typesupport_fastrtps_c__pyext[0m
[1.767s] [ 90%] [32mBuilding C object CMakeFiles/status_interfaces__rosidl_typesupport_fastrtps_c__pyext.dir/rosidl_generator_py/status_interfaces/_status_interfaces_s.ep.rosidl_typesupport_fastrtps_c.c.o[0m
[1.767s] [ 90%] [32mBuilding C object CMakeFiles/status_interfaces__rosidl_typesupport_introspection_c__pyext.dir/rosidl_generator_py/status_interfaces/_status_interfaces_s.ep.rosidl_typesupport_introspection_c.c.o[0m
[1.767s] [ 90%] [32mBuilding C object CMakeFiles/status_interfaces__rosidl_typesupport_c__pyext.dir/rosidl_generator_py/status_interfaces/_status_interfaces_s.ep.rosidl_typesupport_c.c.o[0m
[1.819s] [ 93%] [32m[1mLinking C shared library rosidl_generator_py/status_interfaces/status_interfaces_s__rosidl_typesupport_c.cpython-310-x86_64-linux-gnu.so[0m
[1.819s] [ 96%] [32m[1mLinking C shared library rosidl_generator_py/status_interfaces/status_interfaces_s__rosidl_typesupport_fastrtps_c.cpython-310-x86_64-linux-gnu.so[0m
[1.824s] [100%] [32m[1mLinking C shared library rosidl_generator_py/status_interfaces/status_interfaces_s__rosidl_typesupport_introspection_c.cpython-310-x86_64-linux-gnu.so[0m
[1.845s] [100%] Built target status_interfaces__rosidl_typesupport_fastrtps_c__pyext
[1.847s] [100%] Built target status_interfaces__rosidl_typesupport_c__pyext
[1.851s] [100%] Built target status_interfaces__rosidl_typesupport_introspection_c__pyext
[1.859s] Invoked command in '/home/jayson/Chap3/topic_practice_ws/build/status_interfaces' returned '0': CMAKE_PREFIX_PATH=${CMAKE_PREFIX_PATH}:/home/jayson/Chap3/topic_practice_ws/install/status_publisher:/opt/ros/humble /usr/bin/cmake --build /home/jayson/Chap3/topic_practice_ws/build/status_interfaces -- -j8 -l8
[1.866s] Invoking command in '/home/jayson/Chap3/topic_practice_ws/build/status_interfaces': CMAKE_PREFIX_PATH=${CMAKE_PREFIX_PATH}:/home/jayson/Chap3/topic_practice_ws/install/status_publisher:/opt/ros/humble /usr/bin/cmake --install /home/jayson/Chap3/topic_practice_ws/build/status_interfaces
[1.870s] -- Install configuration: ""
[1.870s] -- Up-to-date: /home/jayson/Chap3/topic_practice_ws/install/status_interfaces/share/ament_index/resource_index/rosidl_interfaces/status_interfaces
[1.870s] -- Up-to-date: /home/jayson/Chap3/topic_practice_ws/install/status_interfaces/include/status_interfaces/status_interfaces
[1.871s] -- Up-to-date: /home/jayson/Chap3/topic_practice_ws/install/status_interfaces/include/status_interfaces/status_interfaces/msg
[1.871s] -- Up-to-date: /home/jayson/Chap3/topic_practice_ws/install/status_interfaces/include/status_interfaces/status_interfaces/msg/rosidl_generator_c__visibility_control.h
[1.871s] -- Up-to-date: /home/jayson/Chap3/topic_practice_ws/install/status_interfaces/include/status_interfaces/status_interfaces/msg/detail
[1.871s] -- Installing: /home/jayson/Chap3/topic_practice_ws/install/status_interfaces/include/status_interfaces/status_interfaces/msg/detail/system_status__functions.c
[1.871s] -- Installing: /home/jayson/Chap3/topic_practice_ws/install/status_interfaces/include/status_interfaces/status_interfaces/msg/detail/system_status__struct.h
[1.871s] -- Installing: /home/jayson/Chap3/topic_practice_ws/install/status_interfaces/include/status_interfaces/status_interfaces/msg/detail/system_status__functions.h
[1.871s] -- Installing: /home/jayson/Chap3/topic_practice_ws/install/status_interfaces/include/status_interfaces/status_interfaces/msg/detail/system_status__type_support.h
[1.871s] -- Installing: /home/jayson/Chap3/topic_practice_ws/install/status_interfaces/include/status_interfaces/status_interfaces/msg/system_status.h
[1.871s] -- Up-to-date: /home/jayson/Chap3/topic_practice_ws/install/status_interfaces/share/status_interfaces/environment/library_path.sh
[1.871s] -- Installing: /home/jayson/Chap3/topic_practice_ws/install/status_interfaces/share/status_interfaces/environment/library_path.dsv
[1.871s] -- Installing: /home/jayson/Chap3/topic_practice_ws/install/status_interfaces/lib/libstatus_interfaces__rosidl_generator_c.so
[1.871s] -- Set runtime path of "/home/jayson/Chap3/topic_practice_ws/install/status_interfaces/lib/libstatus_interfaces__rosidl_generator_c.so" to ""
[1.871s] -- Up-to-date: /home/jayson/Chap3/topic_practice_ws/install/status_interfaces/include/status_interfaces/status_interfaces
[1.871s] -- Up-to-date: /home/jayson/Chap3/topic_practice_ws/install/status_interfaces/include/status_interfaces/status_interfaces/msg
[1.872s] -- Up-to-date: /home/jayson/Chap3/topic_practice_ws/install/status_interfaces/include/status_interfaces/status_interfaces/msg/rosidl_typesupport_fastrtps_c__visibility_control.h
[1.872s] -- Up-to-date: /home/jayson/Chap3/topic_practice_ws/install/status_interfaces/include/status_interfaces/status_interfaces/msg/detail
[1.872s] -- Installing: /home/jayson/Chap3/topic_practice_ws/install/status_interfaces/include/status_interfaces/status_interfaces/msg/detail/system_status__rosidl_typesupport_fastrtps_c.h
[1.872s] -- Installing: /home/jayson/Chap3/topic_practice_ws/install/status_interfaces/lib/libstatus_interfaces__rosidl_typesupport_fastrtps_c.so
[1.872s] -- Set runtime path of "/home/jayson/Chap3/topic_practice_ws/install/status_interfaces/lib/libstatus_interfaces__rosidl_typesupport_fastrtps_c.so" to ""
[1.872s] -- Up-to-date: /home/jayson/Chap3/topic_practice_ws/install/status_interfaces/include/status_interfaces/status_interfaces
[1.872s] -- Up-to-date: /home/jayson/Chap3/topic_practice_ws/install/status_interfaces/include/status_interfaces/status_interfaces/msg
[1.872s] -- Installing: /home/jayson/Chap3/topic_practice_ws/install/status_interfaces/include/status_interfaces/status_interfaces/msg/system_status.hpp
[1.872s] -- Up-to-date: /home/jayson/Chap3/topic_practice_ws/install/status_interfaces/include/status_interfaces/status_interfaces/msg/rosidl_generator_cpp__visibility_control.hpp
[1.872s] -- Up-to-date: /home/jayson/Chap3/topic_practice_ws/install/status_interfaces/include/status_interfaces/status_interfaces/msg/detail
[1.872s] -- Installing: /home/jayson/Chap3/topic_practice_ws/install/status_interfaces/include/status_interfaces/status_interfaces/msg/detail/system_status__traits.hpp
[1.872s] -- Installing: /home/jayson/Chap3/topic_practice_ws/install/status_interfaces/include/status_interfaces/status_interfaces/msg/detail/system_status__builder.hpp
[1.872s] -- Installing: /home/jayson/Chap3/topic_practice_ws/install/status_interfaces/include/status_interfaces/status_interfaces/msg/detail/system_status__struct.hpp
[1.872s] -- Installing: /home/jayson/Chap3/topic_practice_ws/install/status_interfaces/include/status_interfaces/status_interfaces/msg/detail/system_status__type_support.hpp
[1.872s] -- Up-to-date: /home/jayson/Chap3/topic_practice_ws/install/status_interfaces/include/status_interfaces/status_interfaces
[1.872s] -- Up-to-date: /home/jayson/Chap3/topic_practice_ws/install/status_interfaces/include/status_interfaces/status_interfaces/msg
[1.872s] -- Up-to-date: /home/jayson/Chap3/topic_practice_ws/install/status_interfaces/include/status_interfaces/status_interfaces/msg/detail
[1.873s] -- Installing: /home/jayson/Chap3/topic_practice_ws/install/status_interfaces/include/status_interfaces/status_interfaces/msg/detail/system_status__rosidl_typesupport_fastrtps_cpp.hpp
[1.873s] -- Up-to-date: /home/jayson/Chap3/topic_practice_ws/install/status_interfaces/include/status_interfaces/status_interfaces/msg/detail/dds_fastrtps
[1.873s] -- Up-to-date: /home/jayson/Chap3/topic_practice_ws/install/status_interfaces/include/status_interfaces/status_interfaces/msg/rosidl_typesupport_fastrtps_cpp__visibility_control.h
[1.873s] -- Installing: /home/jayson/Chap3/topic_practice_ws/install/status_interfaces/lib/libstatus_interfaces__rosidl_typesupport_fastrtps_cpp.so
[1.873s] -- Set runtime path of "/home/jayson/Chap3/topic_practice_ws/install/status_interfaces/lib/libstatus_interfaces__rosidl_typesupport_fastrtps_cpp.so" to ""
[1.873s] -- Up-to-date: /home/jayson/Chap3/topic_practice_ws/install/status_interfaces/include/status_interfaces/status_interfaces
[1.873s] -- Up-to-date: /home/jayson/Chap3/topic_practice_ws/install/status_interfaces/include/status_interfaces/status_interfaces/msg
[1.873s] -- Up-to-date: /home/jayson/Chap3/topic_practice_ws/install/status_interfaces/include/status_interfaces/status_interfaces/msg/rosidl_typesupport_introspection_c__visibility_control.h
[1.873s] -- Up-to-date: /home/jayson/Chap3/topic_practice_ws/install/status_interfaces/include/status_interfaces/status_interfaces/msg/detail
[1.873s] -- Installing: /home/jayson/Chap3/topic_practice_ws/install/status_interfaces/include/status_interfaces/status_interfaces/msg/detail/system_status__rosidl_typesupport_introspection_c.h
[1.873s] -- Installing: /home/jayson/Chap3/topic_practice_ws/install/status_interfaces/include/status_interfaces/status_interfaces/msg/detail/system_status__type_support.c
[1.873s] -- Installing: /home/jayson/Chap3/topic_practice_ws/install/status_interfaces/lib/libstatus_interfaces__rosidl_typesupport_introspection_c.so
[1.874s] -- Set runtime path of "/home/jayson/Chap3/topic_practice_ws/install/status_interfaces/lib/libstatus_interfaces__rosidl_typesupport_introspection_c.so" to ""
[1.874s] -- Installing: /home/jayson/Chap3/topic_practice_ws/install/status_interfaces/lib/libstatus_interfaces__rosidl_typesupport_c.so
[1.874s] -- Set runtime path of "/home/jayson/Chap3/topic_practice_ws/install/status_interfaces/lib/libstatus_interfaces__rosidl_typesupport_c.so" to ""
[1.874s] -- Up-to-date: /home/jayson/Chap3/topic_practice_ws/install/status_interfaces/include/status_interfaces/status_interfaces
[1.874s] -- Up-to-date: /home/jayson/Chap3/topic_practice_ws/install/status_interfaces/include/status_interfaces/status_interfaces/msg
[1.874s] -- Up-to-date: /home/jayson/Chap3/topic_practice_ws/install/status_interfaces/include/status_interfaces/status_interfaces/msg/detail
[1.874s] -- Installing: /home/jayson/Chap3/topic_practice_ws/install/status_interfaces/include/status_interfaces/status_interfaces/msg/detail/system_status__rosidl_typesupport_introspection_cpp.hpp
[1.874s] -- Installing: /home/jayson/Chap3/topic_practice_ws/install/status_interfaces/include/status_interfaces/status_interfaces/msg/detail/system_status__type_support.cpp
[1.874s] -- Installing: /home/jayson/Chap3/topic_practice_ws/install/status_interfaces/lib/libstatus_interfaces__rosidl_typesupport_introspection_cpp.so
[1.874s] -- Set runtime path of "/home/jayson/Chap3/topic_practice_ws/install/status_interfaces/lib/libstatus_interfaces__rosidl_typesupport_introspection_cpp.so" to ""
[1.874s] -- Installing: /home/jayson/Chap3/topic_practice_ws/install/status_interfaces/lib/libstatus_interfaces__rosidl_typesupport_cpp.so
[1.874s] -- Set runtime path of "/home/jayson/Chap3/topic_practice_ws/install/status_interfaces/lib/libstatus_interfaces__rosidl_typesupport_cpp.so" to ""
[1.874s] -- Up-to-date: /home/jayson/Chap3/topic_practice_ws/install/status_interfaces/share/status_interfaces/environment/pythonpath.sh
[1.874s] -- Installing: /home/jayson/Chap3/topic_practice_ws/install/status_interfaces/share/status_interfaces/environment/pythonpath.dsv
[1.874s] -- Up-to-date: /home/jayson/Chap3/topic_practice_ws/install/status_interfaces/local/lib/python3.10/dist-packages/status_interfaces-0.0.0-py3.10.egg-info
[1.874s] -- Installing: /home/jayson/Chap3/topic_practice_ws/install/status_interfaces/local/lib/python3.10/dist-packages/status_interfaces-0.0.0-py3.10.egg-info/PKG-INFO
[1.875s] -- Installing: /home/jayson/Chap3/topic_practice_ws/install/status_interfaces/local/lib/python3.10/dist-packages/status_interfaces-0.0.0-py3.10.egg-info/top_level.txt
[1.875s] -- Installing: /home/jayson/Chap3/topic_practice_ws/install/status_interfaces/local/lib/python3.10/dist-packages/status_interfaces-0.0.0-py3.10.egg-info/dependency_links.txt
[1.875s] -- Installing: /home/jayson/Chap3/topic_practice_ws/install/status_interfaces/local/lib/python3.10/dist-packages/status_interfaces-0.0.0-py3.10.egg-info/SOURCES.txt
[1.875s] -- Up-to-date: /home/jayson/Chap3/topic_practice_ws/install/status_interfaces/local/lib/python3.10/dist-packages/status_interfaces
[1.875s] -- Installing: /home/jayson/Chap3/topic_practice_ws/install/status_interfaces/local/lib/python3.10/dist-packages/status_interfaces/__init__.py
[1.875s] -- Up-to-date: /home/jayson/Chap3/topic_practice_ws/install/status_interfaces/local/lib/python3.10/dist-packages/status_interfaces/msg
[1.875s] -- Installing: /home/jayson/Chap3/topic_practice_ws/install/status_interfaces/local/lib/python3.10/dist-packages/status_interfaces/msg/_system_status_s.c
[1.875s] -- Installing: /home/jayson/Chap3/topic_practice_ws/install/status_interfaces/local/lib/python3.10/dist-packages/status_interfaces/msg/__init__.py
[1.875s] -- Installing: /home/jayson/Chap3/topic_practice_ws/install/status_interfaces/local/lib/python3.10/dist-packages/status_interfaces/msg/_system_status.py
[1.875s] -- Installing: /home/jayson/Chap3/topic_practice_ws/install/status_interfaces/local/lib/python3.10/dist-packages/status_interfaces/status_interfaces_s__rosidl_typesupport_fastrtps_c.cpython-310-x86_64-linux-gnu.so
[1.875s] -- Installing: /home/jayson/Chap3/topic_practice_ws/install/status_interfaces/local/lib/python3.10/dist-packages/status_interfaces/status_interfaces_s__rosidl_typesupport_introspection_c.cpython-310-x86_64-linux-gnu.so
[1.875s] -- Installing: /home/jayson/Chap3/topic_practice_ws/install/status_interfaces/local/lib/python3.10/dist-packages/status_interfaces/_status_interfaces_s.ep.rosidl_typesupport_fastrtps_c.c
[1.875s] -- Installing: /home/jayson/Chap3/topic_practice_ws/install/status_interfaces/local/lib/python3.10/dist-packages/status_interfaces/_status_interfaces_s.ep.rosidl_typesupport_introspection_c.c
[1.875s] -- Installing: /home/jayson/Chap3/topic_practice_ws/install/status_interfaces/local/lib/python3.10/dist-packages/status_interfaces/libstatus_interfaces__rosidl_generator_py.so
[1.875s] -- Installing: /home/jayson/Chap3/topic_practice_ws/install/status_interfaces/local/lib/python3.10/dist-packages/status_interfaces/status_interfaces_s__rosidl_typesupport_c.cpython-310-x86_64-linux-gnu.so
[1.875s] -- Installing: /home/jayson/Chap3/topic_practice_ws/install/status_interfaces/local/lib/python3.10/dist-packages/status_interfaces/_status_interfaces_s.ep.rosidl_typesupport_c.c
[1.896s] Listing '/home/jayson/Chap3/topic_practice_ws/install/status_interfaces/local/lib/python3.10/dist-packages/status_interfaces'...
[1.896s] Compiling '/home/jayson/Chap3/topic_practice_ws/install/status_interfaces/local/lib/python3.10/dist-packages/status_interfaces/__init__.py'...
[1.896s] Listing '/home/jayson/Chap3/topic_practice_ws/install/status_interfaces/local/lib/python3.10/dist-packages/status_interfaces/msg'...
[1.896s] Compiling '/home/jayson/Chap3/topic_practice_ws/install/status_interfaces/local/lib/python3.10/dist-packages/status_interfaces/msg/__init__.py'...
[1.896s] Compiling '/home/jayson/Chap3/topic_practice_ws/install/status_interfaces/local/lib/python3.10/dist-packages/status_interfaces/msg/_system_status.py'...
[1.899s] -- Installing: /home/jayson/Chap3/topic_practice_ws/install/status_interfaces/local/lib/python3.10/dist-packages/status_interfaces/status_interfaces_s__rosidl_typesupport_fastrtps_c.cpython-310-x86_64-linux-gnu.so
[1.900s] -- Set runtime path of "/home/jayson/Chap3/topic_practice_ws/install/status_interfaces/local/lib/python3.10/dist-packages/status_interfaces/status_interfaces_s__rosidl_typesupport_fastrtps_c.cpython-310-x86_64-linux-gnu.so" to ""
[1.900s] -- Installing: /home/jayson/Chap3/topic_practice_ws/install/status_interfaces/local/lib/python3.10/dist-packages/status_interfaces/status_interfaces_s__rosidl_typesupport_introspection_c.cpython-310-x86_64-linux-gnu.so
[1.900s] -- Set runtime path of "/home/jayson/Chap3/topic_practice_ws/install/status_interfaces/local/lib/python3.10/dist-packages/status_interfaces/status_interfaces_s__rosidl_typesupport_introspection_c.cpython-310-x86_64-linux-gnu.so" to ""
[1.900s] -- Installing: /home/jayson/Chap3/topic_practice_ws/install/status_interfaces/local/lib/python3.10/dist-packages/status_interfaces/status_interfaces_s__rosidl_typesupport_c.cpython-310-x86_64-linux-gnu.so
[1.900s] -- Set runtime path of "/home/jayson/Chap3/topic_practice_ws/install/status_interfaces/local/lib/python3.10/dist-packages/status_interfaces/status_interfaces_s__rosidl_typesupport_c.cpython-310-x86_64-linux-gnu.so" to ""
[1.900s] -- Installing: /home/jayson/Chap3/topic_practice_ws/install/status_interfaces/lib/libstatus_interfaces__rosidl_generator_py.so
[1.901s] -- Set runtime path of "/home/jayson/Chap3/topic_practice_ws/install/status_interfaces/lib/libstatus_interfaces__rosidl_generator_py.so" to ""
[1.901s] -- Installing: /home/jayson/Chap3/topic_practice_ws/install/status_interfaces/share/status_interfaces/msg/SystemStatus.idl
[1.901s] -- Installing: /home/jayson/Chap3/topic_practice_ws/install/status_interfaces/share/status_interfaces/msg/SystemStatus.msg
[1.901s] -- Up-to-date: /home/jayson/Chap3/topic_practice_ws/install/status_interfaces/share/ament_index/resource_index/package_run_dependencies/status_interfaces
[1.901s] -- Installing: /home/jayson/Chap3/topic_practice_ws/install/status_interfaces/share/ament_index/resource_index/parent_prefix_path/status_interfaces
[1.901s] -- Up-to-date: /home/jayson/Chap3/topic_practice_ws/install/status_interfaces/share/status_interfaces/environment/ament_prefix_path.sh
[1.901s] -- Installing: /home/jayson/Chap3/topic_practice_ws/install/status_interfaces/share/status_interfaces/environment/ament_prefix_path.dsv
[1.901s] -- Up-to-date: /home/jayson/Chap3/topic_practice_ws/install/status_interfaces/share/status_interfaces/environment/path.sh
[1.901s] -- Installing: /home/jayson/Chap3/topic_practice_ws/install/status_interfaces/share/status_interfaces/environment/path.dsv
[1.901s] -- Up-to-date: /home/jayson/Chap3/topic_practice_ws/install/status_interfaces/share/status_interfaces/local_setup.bash
[1.901s] -- Up-to-date: /home/jayson/Chap3/topic_practice_ws/install/status_interfaces/share/status_interfaces/local_setup.sh
[1.902s] -- Up-to-date: /home/jayson/Chap3/topic_practice_ws/install/status_interfaces/share/status_interfaces/local_setup.zsh
[1.902s] -- Installing: /home/jayson/Chap3/topic_practice_ws/install/status_interfaces/share/status_interfaces/local_setup.dsv
[1.902s] -- Installing: /home/jayson/Chap3/topic_practice_ws/install/status_interfaces/share/status_interfaces/package.dsv
[1.902s] -- Up-to-date: /home/jayson/Chap3/topic_practice_ws/install/status_interfaces/share/ament_index/resource_index/packages/status_interfaces
[1.902s] -- Up-to-date: /home/jayson/Chap3/topic_practice_ws/install/status_interfaces/share/status_interfaces/cmake/export_status_interfaces__rosidl_generator_cExport.cmake
[1.902s] -- Up-to-date: /home/jayson/Chap3/topic_practice_ws/install/status_interfaces/share/status_interfaces/cmake/export_status_interfaces__rosidl_generator_cExport-noconfig.cmake
[1.902s] -- Up-to-date: /home/jayson/Chap3/topic_practice_ws/install/status_interfaces/share/status_interfaces/cmake/export_status_interfaces__rosidl_typesupport_fastrtps_cExport.cmake
[1.902s] -- Up-to-date: /home/jayson/Chap3/topic_practice_ws/install/status_interfaces/share/status_interfaces/cmake/export_status_interfaces__rosidl_typesupport_fastrtps_cExport-noconfig.cmake
[1.902s] -- Up-to-date: /home/jayson/Chap3/topic_practice_ws/install/status_interfaces/share/status_interfaces/cmake/export_status_interfaces__rosidl_generator_cppExport.cmake
[1.902s] -- Up-to-date: /home/jayson/Chap3/topic_practice_ws/install/status_interfaces/share/status_interfaces/cmake/export_status_interfaces__rosidl_typesupport_fastrtps_cppExport.cmake
[1.902s] -- Up-to-date: /home/jayson/Chap3/topic_practice_ws/install/status_interfaces/share/status_interfaces/cmake/export_status_interfaces__rosidl_typesupport_fastrtps_cppExport-noconfig.cmake
[1.902s] -- Up-to-date: /home/jayson/Chap3/topic_practice_ws/install/status_interfaces/share/status_interfaces/cmake/status_interfaces__rosidl_typesupport_introspection_cExport.cmake
[1.902s] -- Up-to-date: /home/jayson/Chap3/topic_practice_ws/install/status_interfaces/share/status_interfaces/cmake/status_interfaces__rosidl_typesupport_introspection_cExport-noconfig.cmake
[1.903s] -- Up-to-date: /home/jayson/Chap3/topic_practice_ws/install/status_interfaces/share/status_interfaces/cmake/status_interfaces__rosidl_typesupport_cExport.cmake
[1.903s] -- Up-to-date: /home/jayson/Chap3/topic_practice_ws/install/status_interfaces/share/status_interfaces/cmake/status_interfaces__rosidl_typesupport_cExport-noconfig.cmake
[1.903s] -- Up-to-date: /home/jayson/Chap3/topic_practice_ws/install/status_interfaces/share/status_interfaces/cmake/status_interfaces__rosidl_typesupport_introspection_cppExport.cmake
[1.903s] -- Up-to-date: /home/jayson/Chap3/topic_practice_ws/install/status_interfaces/share/status_interfaces/cmake/status_interfaces__rosidl_typesupport_introspection_cppExport-noconfig.cmake
[1.903s] -- Up-to-date: /home/jayson/Chap3/topic_practice_ws/install/status_interfaces/share/status_interfaces/cmake/status_interfaces__rosidl_typesupport_cppExport.cmake
[1.903s] -- Up-to-date: /home/jayson/Chap3/topic_practice_ws/install/status_interfaces/share/status_interfaces/cmake/status_interfaces__rosidl_typesupport_cppExport-noconfig.cmake
[1.903s] -- Up-to-date: /home/jayson/Chap3/topic_practice_ws/install/status_interfaces/share/status_interfaces/cmake/export_status_interfaces__rosidl_generator_pyExport.cmake
[1.903s] -- Up-to-date: /home/jayson/Chap3/topic_practice_ws/install/status_interfaces/share/status_interfaces/cmake/export_status_interfaces__rosidl_generator_pyExport-noconfig.cmake
[1.903s] -- Up-to-date: /home/jayson/Chap3/topic_practice_ws/install/status_interfaces/share/status_interfaces/cmake/rosidl_cmake-extras.cmake
[1.903s] -- Up-to-date: /home/jayson/Chap3/topic_practice_ws/install/status_interfaces/share/status_interfaces/cmake/ament_cmake_export_dependencies-extras.cmake
[1.903s] -- Up-to-date: /home/jayson/Chap3/topic_practice_ws/install/status_interfaces/share/status_interfaces/cmake/ament_cmake_export_include_directories-extras.cmake
[1.903s] -- Up-to-date: /home/jayson/Chap3/topic_practice_ws/install/status_interfaces/share/status_interfaces/cmake/ament_cmake_export_libraries-extras.cmake
[1.903s] -- Up-to-date: /home/jayson/Chap3/topic_practice_ws/install/status_interfaces/share/status_interfaces/cmake/ament_cmake_export_targets-extras.cmake
[1.903s] -- Up-to-date: /home/jayson/Chap3/topic_practice_ws/install/status_interfaces/share/status_interfaces/cmake/rosidl_cmake_export_typesupport_targets-extras.cmake
[1.904s] -- Up-to-date: /home/jayson/Chap3/topic_practice_ws/install/status_interfaces/share/status_interfaces/cmake/rosidl_cmake_export_typesupport_libraries-extras.cmake
[1.904s] -- Up-to-date: /home/jayson/Chap3/topic_practice_ws/install/status_interfaces/share/status_interfaces/cmake/status_interfacesConfig.cmake
[1.904s] -- Up-to-date: /home/jayson/Chap3/topic_practice_ws/install/status_interfaces/share/status_interfaces/cmake/status_interfacesConfig-version.cmake
[1.904s] -- Up-to-date: /home/jayson/Chap3/topic_practice_ws/install/status_interfaces/share/status_interfaces/package.xml
[1.905s] Invoked command in '/home/jayson/Chap3/topic_practice_ws/build/status_interfaces' returned '0': CMAKE_PREFIX_PATH=${CMAKE_PREFIX_PATH}:/home/jayson/Chap3/topic_practice_ws/install/status_publisher:/opt/ros/humble /usr/bin/cmake --install /home/jayson/Chap3/topic_practice_ws/build/status_interfaces
