[0.356s] Invoking command in '/home/jayson/Chap3/topic_ws/src/demo_python_topic': PYTHONPATH=/home/jayson/Chap3/topic_ws/build/demo_python_topic/prefix_override:/usr/lib/python3/dist-packages/colcon_core/task/python/colcon_distutils_commands:/home/jayson/Chap3/topic_ws/install/demo_python_topic/lib/python3.10/site-packages:${PYTHONPATH} /usr/bin/python3 -W ignore:setup.py install is deprecated -W ignore:easy_install command is deprecated setup.py egg_info --egg-base ../../build/demo_python_topic build --build-base /home/jayson/Chap3/topic_ws/build/demo_python_topic/build install --record /home/jayson/Chap3/topic_ws/build/demo_python_topic/install.log --single-version-externally-managed install_data
[0.481s] running egg_info
[0.481s] writing ../../build/demo_python_topic/demo_python_topic.egg-info/PKG-INFO
[0.481s] writing dependency_links to ../../build/demo_python_topic/demo_python_topic.egg-info/dependency_links.txt
[0.481s] writing entry points to ../../build/demo_python_topic/demo_python_topic.egg-info/entry_points.txt
[0.481s] writing requirements to ../../build/demo_python_topic/demo_python_topic.egg-info/requires.txt
[0.481s] writing top-level names to ../../build/demo_python_topic/demo_python_topic.egg-info/top_level.txt
[0.482s] reading manifest file '../../build/demo_python_topic/demo_python_topic.egg-info/SOURCES.txt'
[0.483s] adding license file 'LICENSE'
[0.483s] writing manifest file '../../build/demo_python_topic/demo_python_topic.egg-info/SOURCES.txt'
[0.483s] running build
[0.483s] running build_py
[0.484s] copying demo_python_topic/novel_sub_node.py -> /home/jayson/Chap3/topic_ws/build/demo_python_topic/build/lib/demo_python_topic
[0.484s] copying demo_python_topic/novel_pub_node.py -> /home/jayson/Chap3/topic_ws/build/demo_python_topic/build/lib/demo_python_topic
[0.484s] running install
[0.484s] running install_lib
[0.484s] copying /home/jayson/Chap3/topic_ws/build/demo_python_topic/build/lib/demo_python_topic/novel_sub_node.py -> /home/jayson/Chap3/topic_ws/install/demo_python_topic/lib/python3.10/site-packages/demo_python_topic
[0.484s] copying /home/jayson/Chap3/topic_ws/build/demo_python_topic/build/lib/demo_python_topic/novel_pub_node.py -> /home/jayson/Chap3/topic_ws/install/demo_python_topic/lib/python3.10/site-packages/demo_python_topic
[0.485s] byte-compiling /home/jayson/Chap3/topic_ws/install/demo_python_topic/lib/python3.10/site-packages/demo_python_topic/novel_sub_node.py to novel_sub_node.cpython-310.pyc
[0.485s] byte-compiling /home/jayson/Chap3/topic_ws/install/demo_python_topic/lib/python3.10/site-packages/demo_python_topic/novel_pub_node.py to novel_pub_node.cpython-310.pyc
[0.485s] running install_data
[0.486s] running install_egg_info
[0.487s] removing '/home/jayson/Chap3/topic_ws/install/demo_python_topic/lib/python3.10/site-packages/demo_python_topic-0.0.0-py3.10.egg-info' (and everything under it)
[0.487s] Copying ../../build/demo_python_topic/demo_python_topic.egg-info to /home/jayson/Chap3/topic_ws/install/demo_python_topic/lib/python3.10/site-packages/demo_python_topic-0.0.0-py3.10.egg-info
[0.487s] running install_scripts
[0.500s] Installing novel_pub_node script to /home/jayson/Chap3/topic_ws/install/demo_python_topic/lib/demo_python_topic
[0.500s] Installing novel_sub_node script to /home/jayson/Chap3/topic_ws/install/demo_python_topic/lib/demo_python_topic
[0.501s] writing list of installed files to '/home/jayson/Chap3/topic_ws/build/demo_python_topic/install.log'
[0.518s] Invoked command in '/home/jayson/Chap3/topic_ws/src/demo_python_topic' returned '0': PYTHONPATH=/home/jayson/Chap3/topic_ws/build/demo_python_topic/prefix_override:/usr/lib/python3/dist-packages/colcon_core/task/python/colcon_distutils_commands:/home/jayson/Chap3/topic_ws/install/demo_python_topic/lib/python3.10/site-packages:${PYTHONPATH} /usr/bin/python3 -W ignore:setup.py install is deprecated -W ignore:easy_install command is deprecated setup.py egg_info --egg-base ../../build/demo_python_topic build --build-base /home/jayson/Chap3/topic_ws/build/demo_python_topic/build install --record /home/jayson/Chap3/topic_ws/build/demo_python_topic/install.log --single-version-externally-managed install_data
