[0.384s] Invoking command in '/home/jayson/Chap3/topic_ws/src/demo_python_topic': PYTHONPATH=/home/jayson/Chap3/topic_ws/build/demo_python_topic/prefix_override:/usr/lib/python3/dist-packages/colcon_core/task/python/colcon_distutils_commands:/home/jayson/Chap3/topic_ws/install/demo_python_topic/lib/python3.10/site-packages:${PYTHONPATH} /usr/bin/python3 -W ignore:setup.py install is deprecated -W ignore:easy_install command is deprecated setup.py egg_info --egg-base ../../build/demo_python_topic build --build-base /home/jayson/Chap3/topic_ws/build/demo_python_topic/build install --record /home/jayson/Chap3/topic_ws/build/demo_python_topic/install.log --single-version-externally-managed install_data
[0.512s] running egg_info
[0.512s] creating ../../build/demo_python_topic/demo_python_topic.egg-info
[0.514s] writing ../../build/demo_python_topic/demo_python_topic.egg-info/PKG-INFO
[0.514s] writing dependency_links to ../../build/demo_python_topic/demo_python_topic.egg-info/dependency_links.txt
[0.514s] writing entry points to ../../build/demo_python_topic/demo_python_topic.egg-info/entry_points.txt
[0.514s] writing requirements to ../../build/demo_python_topic/demo_python_topic.egg-info/requires.txt
[0.514s] writing top-level names to ../../build/demo_python_topic/demo_python_topic.egg-info/top_level.txt
[0.514s] writing manifest file '../../build/demo_python_topic/demo_python_topic.egg-info/SOURCES.txt'
[0.515s] reading manifest file '../../build/demo_python_topic/demo_python_topic.egg-info/SOURCES.txt'
[0.515s] adding license file 'LICENSE'
[0.515s] writing manifest file '../../build/demo_python_topic/demo_python_topic.egg-info/SOURCES.txt'
[0.515s] running build
[0.515s] running build_py
[0.515s] creating /home/jayson/Chap3/topic_ws/build/demo_python_topic/build
[0.516s] creating /home/jayson/Chap3/topic_ws/build/demo_python_topic/build/lib
[0.516s] creating /home/jayson/Chap3/topic_ws/build/demo_python_topic/build/lib/demo_python_topic
[0.516s] copying demo_python_topic/__init__.py -> /home/jayson/Chap3/topic_ws/build/demo_python_topic/build/lib/demo_python_topic
[0.516s] running install
[0.516s] running install_lib
[0.516s] creating /home/jayson/Chap3/topic_ws/install/demo_python_topic/lib/python3.10/site-packages/demo_python_topic
[0.516s] copying /home/jayson/Chap3/topic_ws/build/demo_python_topic/build/lib/demo_python_topic/__init__.py -> /home/jayson/Chap3/topic_ws/install/demo_python_topic/lib/python3.10/site-packages/demo_python_topic
[0.517s] byte-compiling /home/jayson/Chap3/topic_ws/install/demo_python_topic/lib/python3.10/site-packages/demo_python_topic/__init__.py to __init__.cpython-310.pyc
[0.517s] running install_data
[0.517s] creating /home/jayson/Chap3/topic_ws/install/demo_python_topic/share/ament_index
[0.517s] creating /home/jayson/Chap3/topic_ws/install/demo_python_topic/share/ament_index/resource_index
[0.517s] creating /home/jayson/Chap3/topic_ws/install/demo_python_topic/share/ament_index/resource_index/packages
[0.517s] copying resource/demo_python_topic -> /home/jayson/Chap3/topic_ws/install/demo_python_topic/share/ament_index/resource_index/packages
[0.517s] copying package.xml -> /home/jayson/Chap3/topic_ws/install/demo_python_topic/share/demo_python_topic
[0.517s] running install_egg_info
[0.518s] Copying ../../build/demo_python_topic/demo_python_topic.egg-info to /home/jayson/Chap3/topic_ws/install/demo_python_topic/lib/python3.10/site-packages/demo_python_topic-0.0.0-py3.10.egg-info
[0.519s] running install_scripts
[0.533s] writing list of installed files to '/home/jayson/Chap3/topic_ws/build/demo_python_topic/install.log'
[0.549s] Invoked command in '/home/jayson/Chap3/topic_ws/src/demo_python_topic' returned '0': PYTHONPATH=/home/jayson/Chap3/topic_ws/build/demo_python_topic/prefix_override:/usr/lib/python3/dist-packages/colcon_core/task/python/colcon_distutils_commands:/home/jayson/Chap3/topic_ws/install/demo_python_topic/lib/python3.10/site-packages:${PYTHONPATH} /usr/bin/python3 -W ignore:setup.py install is deprecated -W ignore:easy_install command is deprecated setup.py egg_info --egg-base ../../build/demo_python_topic build --build-base /home/jayson/Chap3/topic_ws/build/demo_python_topic/build install --record /home/jayson/Chap3/topic_ws/build/demo_python_topic/install.log --single-version-externally-managed install_data
