[0.327s] Invoking command in '/home/jayson/Chap3/topic_practice_ws/src/status_publisher': AMENT_PREFIX_PATH=/home/jayson/Chap3/topic_practice_ws/install/status_interfaces:${AMENT_PREFIX_PATH} CMAKE_PREFIX_PATH=/home/jayson/Chap3/topic_practice_ws/install/status_interfaces LD_LIBRARY_PATH=/home/jayson/Chap3/topic_practice_ws/install/status_interfaces/lib:${LD_LIBRARY_PATH} PYTHONPATH=/home/jayson/Chap3/topic_practice_ws/build/status_publisher/prefix_override:/usr/lib/python3/dist-packages/colcon_core/task/python/colcon_distutils_commands:/home/jayson/Chap3/topic_practice_ws/install/status_publisher/lib/python3.10/site-packages:/home/jayson/Chap3/topic_practice_ws/install/status_interfaces/local/lib/python3.10/dist-packages:${PYTHONPATH} /usr/bin/python3 -W ignore:setup.py install is deprecated -W ignore:easy_install command is deprecated setup.py egg_info --egg-base ../../build/status_publisher build --build-base /home/jayson/Chap3/topic_practice_ws/build/status_publisher/build install --record /home/jayson/Chap3/topic_practice_ws/build/status_publisher/install.log --single-version-externally-managed install_data
[0.448s] running egg_info
[0.448s] creating ../../build/status_publisher/status_publisher.egg-info
[0.448s] writing ../../build/status_publisher/status_publisher.egg-info/PKG-INFO
[0.448s] writing dependency_links to ../../build/status_publisher/status_publisher.egg-info/dependency_links.txt
[0.448s] writing entry points to ../../build/status_publisher/status_publisher.egg-info/entry_points.txt
[0.448s] writing requirements to ../../build/status_publisher/status_publisher.egg-info/requires.txt
[0.449s] writing top-level names to ../../build/status_publisher/status_publisher.egg-info/top_level.txt
[0.449s] writing manifest file '../../build/status_publisher/status_publisher.egg-info/SOURCES.txt'
[0.449s] reading manifest file '../../build/status_publisher/status_publisher.egg-info/SOURCES.txt'
[0.450s] adding license file 'LICENSE'
[0.450s] writing manifest file '../../build/status_publisher/status_publisher.egg-info/SOURCES.txt'
[0.450s] running build
[0.450s] running build_py
[0.450s] creating /home/jayson/Chap3/topic_practice_ws/build/status_publisher/build
[0.450s] creating /home/jayson/Chap3/topic_practice_ws/build/status_publisher/build/lib
[0.450s] creating /home/jayson/Chap3/topic_practice_ws/build/status_publisher/build/lib/status_publisher
[0.450s] copying status_publisher/__init__.py -> /home/jayson/Chap3/topic_practice_ws/build/status_publisher/build/lib/status_publisher
[0.450s] copying status_publisher/sys_status_pub.py -> /home/jayson/Chap3/topic_practice_ws/build/status_publisher/build/lib/status_publisher
[0.451s] running install
[0.451s] running install_lib
[0.451s] creating /home/jayson/Chap3/topic_practice_ws/install/status_publisher/lib/python3.10/site-packages/status_publisher
[0.451s] copying /home/jayson/Chap3/topic_practice_ws/build/status_publisher/build/lib/status_publisher/__init__.py -> /home/jayson/Chap3/topic_practice_ws/install/status_publisher/lib/python3.10/site-packages/status_publisher
[0.451s] copying /home/jayson/Chap3/topic_practice_ws/build/status_publisher/build/lib/status_publisher/sys_status_pub.py -> /home/jayson/Chap3/topic_practice_ws/install/status_publisher/lib/python3.10/site-packages/status_publisher
[0.451s] byte-compiling /home/jayson/Chap3/topic_practice_ws/install/status_publisher/lib/python3.10/site-packages/status_publisher/__init__.py to __init__.cpython-310.pyc
[0.452s] byte-compiling /home/jayson/Chap3/topic_practice_ws/install/status_publisher/lib/python3.10/site-packages/status_publisher/sys_status_pub.py to sys_status_pub.cpython-310.pyc
[0.452s] running install_data
[0.452s] creating /home/jayson/Chap3/topic_practice_ws/install/status_publisher/share/ament_index
[0.452s] creating /home/jayson/Chap3/topic_practice_ws/install/status_publisher/share/ament_index/resource_index
[0.452s] creating /home/jayson/Chap3/topic_practice_ws/install/status_publisher/share/ament_index/resource_index/packages
[0.452s] copying resource/status_publisher -> /home/jayson/Chap3/topic_practice_ws/install/status_publisher/share/ament_index/resource_index/packages
[0.452s] copying package.xml -> /home/jayson/Chap3/topic_practice_ws/install/status_publisher/share/status_publisher
[0.452s] running install_egg_info
[0.453s] Copying ../../build/status_publisher/status_publisher.egg-info to /home/jayson/Chap3/topic_practice_ws/install/status_publisher/lib/python3.10/site-packages/status_publisher-0.0.0-py3.10.egg-info
[0.454s] running install_scripts
[0.466s] writing list of installed files to '/home/jayson/Chap3/topic_practice_ws/build/status_publisher/install.log'
[0.481s] Invoked command in '/home/jayson/Chap3/topic_practice_ws/src/status_publisher' returned '0': AMENT_PREFIX_PATH=/home/jayson/Chap3/topic_practice_ws/install/status_interfaces:${AMENT_PREFIX_PATH} CMAKE_PREFIX_PATH=/home/jayson/Chap3/topic_practice_ws/install/status_interfaces LD_LIBRARY_PATH=/home/jayson/Chap3/topic_practice_ws/install/status_interfaces/lib:${LD_LIBRARY_PATH} PYTHONPATH=/home/jayson/Chap3/topic_practice_ws/build/status_publisher/prefix_override:/usr/lib/python3/dist-packages/colcon_core/task/python/colcon_distutils_commands:/home/jayson/Chap3/topic_practice_ws/install/status_publisher/lib/python3.10/site-packages:/home/jayson/Chap3/topic_practice_ws/install/status_interfaces/local/lib/python3.10/dist-packages:${PYTHONPATH} /usr/bin/python3 -W ignore:setup.py install is deprecated -W ignore:easy_install command is deprecated setup.py egg_info --egg-base ../../build/status_publisher build --build-base /home/jayson/Chap3/topic_practice_ws/build/status_publisher/build install --record /home/jayson/Chap3/topic_practice_ws/build/status_publisher/install.log --single-version-externally-managed install_data
