[0.374s] Invoking command in '/home/jayson/Chap3/topic_ws/src/demo_python_topic': PYTHONPATH=/home/jayson/Chap3/topic_ws/build/demo_python_topic/prefix_override:/usr/lib/python3/dist-packages/colcon_core/task/python/colcon_distutils_commands:/home/jayson/Chap3/topic_ws/install/demo_python_topic/lib/python3.10/site-packages:${PYTHONPATH} /usr/bin/python3 -W ignore:setup.py install is deprecated -W ignore:easy_install command is deprecated setup.py egg_info --egg-base ../../build/demo_python_topic build --build-base /home/jayson/Chap3/topic_ws/build/demo_python_topic/build install --record /home/jayson/Chap3/topic_ws/build/demo_python_topic/install.log --single-version-externally-managed install_data
[0.531s] running egg_info
[0.535s] writing ../../build/demo_python_topic/demo_python_topic.egg-info/PKG-INFO
[0.535s] writing dependency_links to ../../build/demo_python_topic/demo_python_topic.egg-info/dependency_links.txt
[0.535s] writing entry points to ../../build/demo_python_topic/demo_python_topic.egg-info/entry_points.txt
[0.535s] writing requirements to ../../build/demo_python_topic/demo_python_topic.egg-info/requires.txt
[0.535s] writing top-level names to ../../build/demo_python_topic/demo_python_topic.egg-info/top_level.txt
[0.535s] reading manifest file '../../build/demo_python_topic/demo_python_topic.egg-info/SOURCES.txt'
[0.535s] adding license file 'LICENSE'
[0.535s] writing manifest file '../../build/demo_python_topic/demo_python_topic.egg-info/SOURCES.txt'
[0.535s] running build
[0.535s] running build_py
[0.535s] running install
[0.535s] running install_lib
[0.536s] running install_data
[0.536s] running install_egg_info
[0.538s] removing '/home/jayson/Chap3/topic_ws/install/demo_python_topic/lib/python3.10/site-packages/demo_python_topic-0.0.0-py3.10.egg-info' (and everything under it)
[0.540s] Copying ../../build/demo_python_topic/demo_python_topic.egg-info to /home/jayson/Chap3/topic_ws/install/demo_python_topic/lib/python3.10/site-packages/demo_python_topic-0.0.0-py3.10.egg-info
[0.540s] running install_scripts
[0.555s] Installing novel_pub_node script to /home/jayson/Chap3/topic_ws/install/demo_python_topic/lib/demo_python_topic
[0.556s] Installing novel_sub_node script to /home/jayson/Chap3/topic_ws/install/demo_python_topic/lib/demo_python_topic
[0.556s] writing list of installed files to '/home/jayson/Chap3/topic_ws/build/demo_python_topic/install.log'
[0.570s] Invoked command in '/home/jayson/Chap3/topic_ws/src/demo_python_topic' returned '0': PYTHONPATH=/home/jayson/Chap3/topic_ws/build/demo_python_topic/prefix_override:/usr/lib/python3/dist-packages/colcon_core/task/python/colcon_distutils_commands:/home/jayson/Chap3/topic_ws/install/demo_python_topic/lib/python3.10/site-packages:${PYTHONPATH} /usr/bin/python3 -W ignore:setup.py install is deprecated -W ignore:easy_install command is deprecated setup.py egg_info --egg-base ../../build/demo_python_topic build --build-base /home/jayson/Chap3/topic_ws/build/demo_python_topic/build install --record /home/jayson/Chap3/topic_ws/build/demo_python_topic/install.log --single-version-externally-managed install_data
