[0.011s] Invoking command in '/home/jayson/Chap3/topic_ws/build/demo_cpp_topic': CMAKE_PREFIX_PATH=/opt/ros/humble /usr/bin/cmake --build /home/jayson/Chap3/topic_ws/build/demo_cpp_topic -- -j8 -l8
[0.037s] [35m[1mConsolidate compiler generated dependencies of target turtle_circle[0m
[0.048s] [ 50%] [32mBuilding CXX object CMakeFiles/turtle_circle.dir/src/turtle_circle.cpp.o[0m
[3.201s] [100%] [32m[1mLinking CXX executable turtle_circle[0m
[3.319s] [100%] Built target turtle_circle
[3.326s] Invoked command in '/home/jayson/Chap3/topic_ws/build/demo_cpp_topic' returned '0': CMAKE_PREFIX_PATH=/opt/ros/humble /usr/bin/cmake --build /home/jayson/Chap3/topic_ws/build/demo_cpp_topic -- -j8 -l8
[3.335s] Invoking command in '/home/jayson/Chap3/topic_ws/build/demo_cpp_topic': CMAKE_PREFIX_PATH=/opt/ros/humble /usr/bin/cmake --install /home/jayson/Chap3/topic_ws/build/demo_cpp_topic
[3.339s] -- Install configuration: ""
[3.339s] -- Installing: /home/jayson/Chap3/topic_ws/install/demo_cpp_topic/lib/demo_cpp_topic/turtle_circle
[3.340s] -- Set runtime path of "/home/jayson/Chap3/topic_ws/install/demo_cpp_topic/lib/demo_cpp_topic/turtle_circle" to ""
[3.340s] -- Up-to-date: /home/jayson/Chap3/topic_ws/install/demo_cpp_topic/share/ament_index/resource_index/package_run_dependencies/demo_cpp_topic
[3.340s] -- Up-to-date: /home/jayson/Chap3/topic_ws/install/demo_cpp_topic/share/ament_index/resource_index/parent_prefix_path/demo_cpp_topic
[3.340s] -- Up-to-date: /home/jayson/Chap3/topic_ws/install/demo_cpp_topic/share/demo_cpp_topic/environment/ament_prefix_path.sh
[3.340s] -- Up-to-date: /home/jayson/Chap3/topic_ws/install/demo_cpp_topic/share/demo_cpp_topic/environment/ament_prefix_path.dsv
[3.340s] -- Up-to-date: /home/jayson/Chap3/topic_ws/install/demo_cpp_topic/share/demo_cpp_topic/environment/path.sh
[3.340s] -- Up-to-date: /home/jayson/Chap3/topic_ws/install/demo_cpp_topic/share/demo_cpp_topic/environment/path.dsv
[3.340s] -- Up-to-date: /home/jayson/Chap3/topic_ws/install/demo_cpp_topic/share/demo_cpp_topic/local_setup.bash
[3.340s] -- Up-to-date: /home/jayson/Chap3/topic_ws/install/demo_cpp_topic/share/demo_cpp_topic/local_setup.sh
[3.340s] -- Up-to-date: /home/jayson/Chap3/topic_ws/install/demo_cpp_topic/share/demo_cpp_topic/local_setup.zsh
[3.340s] -- Up-to-date: /home/jayson/Chap3/topic_ws/install/demo_cpp_topic/share/demo_cpp_topic/local_setup.dsv
[3.340s] -- Installing: /home/jayson/Chap3/topic_ws/install/demo_cpp_topic/share/demo_cpp_topic/package.dsv
[3.340s] -- Up-to-date: /home/jayson/Chap3/topic_ws/install/demo_cpp_topic/share/ament_index/resource_index/packages/demo_cpp_topic
[3.340s] -- Up-to-date: /home/jayson/Chap3/topic_ws/install/demo_cpp_topic/share/demo_cpp_topic/cmake/demo_cpp_topicConfig.cmake
[3.340s] -- Up-to-date: /home/jayson/Chap3/topic_ws/install/demo_cpp_topic/share/demo_cpp_topic/cmake/demo_cpp_topicConfig-version.cmake
[3.340s] -- Up-to-date: /home/jayson/Chap3/topic_ws/install/demo_cpp_topic/share/demo_cpp_topic/package.xml
[3.344s] Invoked command in '/home/jayson/Chap3/topic_ws/build/demo_cpp_topic' returned '0': CMAKE_PREFIX_PATH=/opt/ros/humble /usr/bin/cmake --install /home/jayson/Chap3/topic_ws/build/demo_cpp_topic
