[0.335s] Invoking command in '/home/jayson/Chap3/topic_practice_ws/src/status_publisher': PYTHONPATH=/home/jayson/Chap3/topic_practice_ws/build/status_publisher/prefix_override:/usr/lib/python3/dist-packages/colcon_core/task/python/colcon_distutils_commands:/home/jayson/Chap3/topic_practice_ws/install/status_publisher/lib/python3.10/site-packages:${PYTHONPATH} /usr/bin/python3 -W ignore:setup.py install is deprecated -W ignore:easy_install command is deprecated setup.py egg_info --egg-base ../../build/status_publisher build --build-base /home/jayson/Chap3/topic_practice_ws/build/status_publisher/build install --record /home/jayson/Chap3/topic_practice_ws/build/status_publisher/install.log --single-version-externally-managed install_data
[0.473s] running egg_info
[0.473s] writing ../../build/status_publisher/status_publisher.egg-info/PKG-INFO
[0.474s] writing dependency_links to ../../build/status_publisher/status_publisher.egg-info/dependency_links.txt
[0.474s] writing entry points to ../../build/status_publisher/status_publisher.egg-info/entry_points.txt
[0.474s] writing requirements to ../../build/status_publisher/status_publisher.egg-info/requires.txt
[0.474s] writing top-level names to ../../build/status_publisher/status_publisher.egg-info/top_level.txt
[0.475s] reading manifest file '../../build/status_publisher/status_publisher.egg-info/SOURCES.txt'
[0.475s] adding license file 'LICENSE'
[0.475s] writing manifest file '../../build/status_publisher/status_publisher.egg-info/SOURCES.txt'
[0.476s] running build
[0.476s] running build_py
[0.476s] running install
[0.476s] running install_lib
[0.477s] running install_data
[0.477s] running install_egg_info
[0.478s] removing '/home/jayson/Chap3/topic_practice_ws/install/status_publisher/lib/python3.10/site-packages/status_publisher-0.0.0-py3.10.egg-info' (and everything under it)
[0.478s] Copying ../../build/status_publisher/status_publisher.egg-info to /home/jayson/Chap3/topic_practice_ws/install/status_publisher/lib/python3.10/site-packages/status_publisher-0.0.0-py3.10.egg-info
[0.478s] running install_scripts
[0.492s] writing list of installed files to '/home/jayson/Chap3/topic_practice_ws/build/status_publisher/install.log'
[0.507s] Invoked command in '/home/jayson/Chap3/topic_practice_ws/src/status_publisher' returned '0': PYTHONPATH=/home/jayson/Chap3/topic_practice_ws/build/status_publisher/prefix_override:/usr/lib/python3/dist-packages/colcon_core/task/python/colcon_distutils_commands:/home/jayson/Chap3/topic_practice_ws/install/status_publisher/lib/python3.10/site-packages:${PYTHONPATH} /usr/bin/python3 -W ignore:setup.py install is deprecated -W ignore:easy_install command is deprecated setup.py egg_info --egg-base ../../build/status_publisher build --build-base /home/jayson/Chap3/topic_practice_ws/build/status_publisher/build install --record /home/jayson/Chap3/topic_practice_ws/build/status_publisher/install.log --single-version-externally-managed install_data
