[0.248s] DEBUG:colcon:Command line arguments: ['/usr/bin/colcon', 'build']
[0.248s] DEBUG:colcon:Parsed command line arguments: Namespace(log_base=None, log_level=None, verb_name='build', build_base='build', install_base='install', merge_install=False, symlink_install=False, test_result_base=None, continue_on_error=False, executor='parallel', parallel_workers=8, event_handlers=None, ignore_user_meta=False, metas=['./colcon.meta'], base_paths=['.'], packages_ignore=None, packages_ignore_regex=None, paths=None, packages_up_to=None, packages_up_to_regex=None, packages_above=None, packages_above_and_dependencies=None, packages_above_depth=None, packages_select_by_dep=None, packages_skip_by_dep=None, packages_skip_up_to=None, packages_select_build_failed=False, packages_skip_build_finished=False, packages_select_test_failures=False, packages_skip_test_passed=False, packages_select=None, packages_skip=None, packages_select_regex=None, packages_skip_regex=None, packages_start=None, packages_end=None, allow_overriding=[], cmake_args=None, cmake_target=None, cmake_target_skip_unavailable=False, cmake_clean_cache=False, cmake_clean_first=False, cmake_force_configure=False, ament_cmake_args=None, catkin_cmake_args=None, catkin_skip_building_tests=False, mixin_files=None, mixin=None, verb_parser=<colcon_mixin.mixin.mixin_argument.MixinArgumentDecorator object at 0x71dc7fa29990>, verb_extension=<colcon_core.verb.build.BuildVerb object at 0x71dc7fb9a620>, main=<bound method BuildVerb.main of <colcon_core.verb.build.BuildVerb object at 0x71dc7fb9a620>>, mixin_verb=('build',))
[0.446s] Level 1:colcon.colcon_core.package_discovery:discover_packages(colcon_meta) check parameters
[0.446s] Level 1:colcon.colcon_core.package_discovery:discover_packages(recursive) check parameters
[0.446s] Level 1:colcon.colcon_core.package_discovery:discover_packages(ignore) check parameters
[0.446s] Level 1:colcon.colcon_core.package_discovery:discover_packages(path) check parameters
[0.446s] Level 1:colcon.colcon_core.package_discovery:discover_packages(colcon_meta) discover
[0.446s] Level 1:colcon.colcon_core.package_discovery:discover_packages(recursive) discover
[0.446s] INFO:colcon.colcon_core.package_discovery:Crawling recursively for packages in '/home/jayson/Chap3/topic_ws'
[0.446s] Level 1:colcon.colcon_core.package_identification:_identify(.) by extensions ['ignore', 'ignore_ament_install']
[0.446s] Level 1:colcon.colcon_core.package_identification:_identify(.) by extension 'ignore'
[0.446s] Level 1:colcon.colcon_core.package_identification:_identify(.) by extension 'ignore_ament_install'
[0.446s] Level 1:colcon.colcon_core.package_identification:_identify(.) by extensions ['colcon_pkg']
[0.446s] Level 1:colcon.colcon_core.package_identification:_identify(.) by extension 'colcon_pkg'
[0.447s] Level 1:colcon.colcon_core.package_identification:_identify(.) by extensions ['colcon_meta']
[0.447s] Level 1:colcon.colcon_core.package_identification:_identify(.) by extension 'colcon_meta'
[0.447s] Level 1:colcon.colcon_core.package_identification:_identify(.) by extensions ['ros']
[0.447s] Level 1:colcon.colcon_core.package_identification:_identify(.) by extension 'ros'
[0.456s] Level 1:colcon.colcon_core.package_identification:_identify(.) by extensions ['cmake', 'python']
[0.456s] Level 1:colcon.colcon_core.package_identification:_identify(.) by extension 'cmake'
[0.456s] Level 1:colcon.colcon_core.package_identification:_identify(.) by extension 'python'
[0.456s] Level 1:colcon.colcon_core.package_identification:_identify(.) by extensions ['python_setup_py']
[0.456s] Level 1:colcon.colcon_core.package_identification:_identify(.) by extension 'python_setup_py'
[0.457s] Level 1:colcon.colcon_core.package_identification:_identify(build) by extensions ['ignore', 'ignore_ament_install']
[0.457s] Level 1:colcon.colcon_core.package_identification:_identify(build) by extension 'ignore'
[0.457s] Level 1:colcon.colcon_core.package_identification:_identify(build) ignored
[0.457s] Level 1:colcon.colcon_core.package_identification:_identify(install) by extensions ['ignore', 'ignore_ament_install']
[0.457s] Level 1:colcon.colcon_core.package_identification:_identify(install) by extension 'ignore'
[0.457s] Level 1:colcon.colcon_core.package_identification:_identify(install) ignored
[0.457s] Level 1:colcon.colcon_core.package_identification:_identify(log) by extensions ['ignore', 'ignore_ament_install']
[0.457s] Level 1:colcon.colcon_core.package_identification:_identify(log) by extension 'ignore'
[0.457s] Level 1:colcon.colcon_core.package_identification:_identify(log) ignored
[0.457s] Level 1:colcon.colcon_core.package_identification:_identify(src) by extensions ['ignore', 'ignore_ament_install']
[0.457s] Level 1:colcon.colcon_core.package_identification:_identify(src) by extension 'ignore'
[0.457s] Level 1:colcon.colcon_core.package_identification:_identify(src) by extension 'ignore_ament_install'
[0.457s] Level 1:colcon.colcon_core.package_identification:_identify(src) by extensions ['colcon_pkg']
[0.457s] Level 1:colcon.colcon_core.package_identification:_identify(src) by extension 'colcon_pkg'
[0.457s] Level 1:colcon.colcon_core.package_identification:_identify(src) by extensions ['colcon_meta']
[0.457s] Level 1:colcon.colcon_core.package_identification:_identify(src) by extension 'colcon_meta'
[0.457s] Level 1:colcon.colcon_core.package_identification:_identify(src) by extensions ['ros']
[0.458s] Level 1:colcon.colcon_core.package_identification:_identify(src) by extension 'ros'
[0.458s] Level 1:colcon.colcon_core.package_identification:_identify(src) by extensions ['cmake', 'python']
[0.458s] Level 1:colcon.colcon_core.package_identification:_identify(src) by extension 'cmake'
[0.458s] Level 1:colcon.colcon_core.package_identification:_identify(src) by extension 'python'
[0.458s] Level 1:colcon.colcon_core.package_identification:_identify(src) by extensions ['python_setup_py']
[0.458s] Level 1:colcon.colcon_core.package_identification:_identify(src) by extension 'python_setup_py'
[0.458s] Level 1:colcon.colcon_core.package_identification:_identify(src/demo_cpp_topic) by extensions ['ignore', 'ignore_ament_install']
[0.458s] Level 1:colcon.colcon_core.package_identification:_identify(src/demo_cpp_topic) by extension 'ignore'
[0.458s] Level 1:colcon.colcon_core.package_identification:_identify(src/demo_cpp_topic) by extension 'ignore_ament_install'
[0.458s] Level 1:colcon.colcon_core.package_identification:_identify(src/demo_cpp_topic) by extensions ['colcon_pkg']
[0.458s] Level 1:colcon.colcon_core.package_identification:_identify(src/demo_cpp_topic) by extension 'colcon_pkg'
[0.458s] Level 1:colcon.colcon_core.package_identification:_identify(src/demo_cpp_topic) by extensions ['colcon_meta']
[0.458s] Level 1:colcon.colcon_core.package_identification:_identify(src/demo_cpp_topic) by extension 'colcon_meta'
[0.458s] Level 1:colcon.colcon_core.package_identification:_identify(src/demo_cpp_topic) by extensions ['ros']
[0.458s] Level 1:colcon.colcon_core.package_identification:_identify(src/demo_cpp_topic) by extension 'ros'
[0.461s] DEBUG:colcon.colcon_core.package_identification:Package 'src/demo_cpp_topic' with type 'ros.ament_cmake' and name 'demo_cpp_topic'
[0.461s] Level 1:colcon.colcon_core.package_identification:_identify(src/demo_python_topic) by extensions ['ignore', 'ignore_ament_install']
[0.461s] Level 1:colcon.colcon_core.package_identification:_identify(src/demo_python_topic) by extension 'ignore'
[0.461s] Level 1:colcon.colcon_core.package_identification:_identify(src/demo_python_topic) by extension 'ignore_ament_install'
[0.461s] Level 1:colcon.colcon_core.package_identification:_identify(src/demo_python_topic) by extensions ['colcon_pkg']
[0.461s] Level 1:colcon.colcon_core.package_identification:_identify(src/demo_python_topic) by extension 'colcon_pkg'
[0.461s] Level 1:colcon.colcon_core.package_identification:_identify(src/demo_python_topic) by extensions ['colcon_meta']
[0.461s] Level 1:colcon.colcon_core.package_identification:_identify(src/demo_python_topic) by extension 'colcon_meta'
[0.461s] Level 1:colcon.colcon_core.package_identification:_identify(src/demo_python_topic) by extensions ['ros']
[0.462s] Level 1:colcon.colcon_core.package_identification:_identify(src/demo_python_topic) by extension 'ros'
[0.462s] DEBUG:colcon.colcon_core.package_identification:Package 'src/demo_python_topic' with type 'ros.ament_python' and name 'demo_python_topic'
[0.462s] Level 1:colcon.colcon_core.package_discovery:discover_packages(recursive) using defaults
[0.462s] Level 1:colcon.colcon_core.package_discovery:discover_packages(ignore) discover
[0.462s] Level 1:colcon.colcon_core.package_discovery:discover_packages(ignore) using defaults
[0.462s] Level 1:colcon.colcon_core.package_discovery:discover_packages(path) discover
[0.462s] Level 1:colcon.colcon_core.package_discovery:discover_packages(path) using defaults
[0.493s] Level 1:colcon.colcon_core.package_discovery:discover_packages(prefix_path) check parameters
[0.493s] Level 1:colcon.colcon_core.package_discovery:discover_packages(prefix_path) discover
[0.496s] DEBUG:colcon.colcon_installed_package_information.package_discovery:Found 271 installed packages in /opt/ros/humble
[0.497s] Level 1:colcon.colcon_core.package_discovery:discover_packages(prefix_path) using defaults
[0.517s] Level 5:colcon.colcon_core.verb:set package 'demo_cpp_topic' build argument 'cmake_args' from command line to 'None'
[0.517s] Level 5:colcon.colcon_core.verb:set package 'demo_cpp_topic' build argument 'cmake_target' from command line to 'None'
[0.517s] Level 5:colcon.colcon_core.verb:set package 'demo_cpp_topic' build argument 'cmake_target_skip_unavailable' from command line to 'False'
[0.517s] Level 5:colcon.colcon_core.verb:set package 'demo_cpp_topic' build argument 'cmake_clean_cache' from command line to 'False'
[0.517s] Level 5:colcon.colcon_core.verb:set package 'demo_cpp_topic' build argument 'cmake_clean_first' from command line to 'False'
[0.517s] Level 5:colcon.colcon_core.verb:set package 'demo_cpp_topic' build argument 'cmake_force_configure' from command line to 'False'
[0.517s] Level 5:colcon.colcon_core.verb:set package 'demo_cpp_topic' build argument 'ament_cmake_args' from command line to 'None'
[0.517s] Level 5:colcon.colcon_core.verb:set package 'demo_cpp_topic' build argument 'catkin_cmake_args' from command line to 'None'
[0.517s] Level 5:colcon.colcon_core.verb:set package 'demo_cpp_topic' build argument 'catkin_skip_building_tests' from command line to 'False'
[0.517s] DEBUG:colcon.colcon_core.verb:Building package 'demo_cpp_topic' with the following arguments: {'ament_cmake_args': None, 'build_base': '/home/jayson/Chap3/topic_ws/build/demo_cpp_topic', 'catkin_cmake_args': None, 'catkin_skip_building_tests': False, 'cmake_args': None, 'cmake_clean_cache': False, 'cmake_clean_first': False, 'cmake_force_configure': False, 'cmake_target': None, 'cmake_target_skip_unavailable': False, 'install_base': '/home/jayson/Chap3/topic_ws/install/demo_cpp_topic', 'merge_install': False, 'path': '/home/jayson/Chap3/topic_ws/src/demo_cpp_topic', 'symlink_install': False, 'test_result_base': None}
[0.517s] Level 5:colcon.colcon_core.verb:set package 'demo_python_topic' build argument 'cmake_args' from command line to 'None'
[0.517s] Level 5:colcon.colcon_core.verb:set package 'demo_python_topic' build argument 'cmake_target' from command line to 'None'
[0.517s] Level 5:colcon.colcon_core.verb:set package 'demo_python_topic' build argument 'cmake_target_skip_unavailable' from command line to 'False'
[0.517s] Level 5:colcon.colcon_core.verb:set package 'demo_python_topic' build argument 'cmake_clean_cache' from command line to 'False'
[0.517s] Level 5:colcon.colcon_core.verb:set package 'demo_python_topic' build argument 'cmake_clean_first' from command line to 'False'
[0.517s] Level 5:colcon.colcon_core.verb:set package 'demo_python_topic' build argument 'cmake_force_configure' from command line to 'False'
[0.517s] Level 5:colcon.colcon_core.verb:set package 'demo_python_topic' build argument 'ament_cmake_args' from command line to 'None'
[0.517s] Level 5:colcon.colcon_core.verb:set package 'demo_python_topic' build argument 'catkin_cmake_args' from command line to 'None'
[0.517s] Level 5:colcon.colcon_core.verb:set package 'demo_python_topic' build argument 'catkin_skip_building_tests' from command line to 'False'
[0.517s] DEBUG:colcon.colcon_core.verb:Building package 'demo_python_topic' with the following arguments: {'ament_cmake_args': None, 'build_base': '/home/jayson/Chap3/topic_ws/build/demo_python_topic', 'catkin_cmake_args': None, 'catkin_skip_building_tests': False, 'cmake_args': None, 'cmake_clean_cache': False, 'cmake_clean_first': False, 'cmake_force_configure': False, 'cmake_target': None, 'cmake_target_skip_unavailable': False, 'install_base': '/home/jayson/Chap3/topic_ws/install/demo_python_topic', 'merge_install': False, 'path': '/home/jayson/Chap3/topic_ws/src/demo_python_topic', 'symlink_install': False, 'test_result_base': None}
[0.518s] INFO:colcon.colcon_core.executor:Executing jobs using 'parallel' executor
[0.518s] DEBUG:colcon.colcon_parallel_executor.executor.parallel:run_until_complete
[0.519s] INFO:colcon.colcon_ros.task.ament_cmake.build:Building ROS package in '/home/jayson/Chap3/topic_ws/src/demo_cpp_topic' with build type 'ament_cmake'
[0.519s] INFO:colcon.colcon_cmake.task.cmake.build:Building CMake package in '/home/jayson/Chap3/topic_ws/src/demo_cpp_topic'
[0.524s] INFO:colcon.colcon_core.plugin_system:Skipping extension 'colcon_core.shell.bat': Not used on non-Windows systems
[0.524s] INFO:colcon.colcon_core.shell:Skip shell extension 'powershell' for command environment: Not usable outside of PowerShell
[0.524s] DEBUG:colcon.colcon_core.shell:Skip shell extension 'dsv' for command environment
[0.527s] INFO:colcon.colcon_ros.task.ament_python.build:Building ROS package in '/home/jayson/Chap3/topic_ws/src/demo_python_topic' with build type 'ament_python'
[0.527s] Level 1:colcon.colcon_core.shell:create_environment_hook('demo_python_topic', 'ament_prefix_path')
[0.527s] INFO:colcon.colcon_core.shell:Creating environment hook '/home/jayson/Chap3/topic_ws/install/demo_python_topic/share/demo_python_topic/hook/ament_prefix_path.ps1'
[0.528s] INFO:colcon.colcon_core.shell:Creating environment descriptor '/home/jayson/Chap3/topic_ws/install/demo_python_topic/share/demo_python_topic/hook/ament_prefix_path.dsv'
[0.529s] INFO:colcon.colcon_core.shell:Creating environment hook '/home/jayson/Chap3/topic_ws/install/demo_python_topic/share/demo_python_topic/hook/ament_prefix_path.sh'
[0.530s] INFO:colcon.colcon_core.shell:Skip shell extension 'powershell' for command environment: Not usable outside of PowerShell
[0.530s] DEBUG:colcon.colcon_core.shell:Skip shell extension 'dsv' for command environment
[0.535s] DEBUG:colcon.colcon_core.event_handler.log_command:Invoking command in '/home/jayson/Chap3/topic_ws/build/demo_cpp_topic': CMAKE_PREFIX_PATH=/opt/ros/humble /usr/bin/cmake --build /home/jayson/Chap3/topic_ws/build/demo_cpp_topic -- -j8 -l8
[0.674s] INFO:colcon.colcon_core.task.python.build:Building Python package in '/home/jayson/Chap3/topic_ws/src/demo_python_topic'
[0.674s] INFO:colcon.colcon_core.shell:Skip shell extension 'powershell' for command environment: Not usable outside of PowerShell
[0.674s] DEBUG:colcon.colcon_core.shell:Skip shell extension 'dsv' for command environment
[0.910s] DEBUG:colcon.colcon_core.event_handler.log_command:Invoking command in '/home/jayson/Chap3/topic_ws/src/demo_python_topic': PYTHONPATH=/home/jayson/Chap3/topic_ws/build/demo_python_topic/prefix_override:/usr/lib/python3/dist-packages/colcon_core/task/python/colcon_distutils_commands:/home/jayson/Chap3/topic_ws/install/demo_python_topic/lib/python3.10/site-packages:${PYTHONPATH} /usr/bin/python3 -W ignore:setup.py install is deprecated -W ignore:easy_install command is deprecated setup.py egg_info --egg-base ../../build/demo_python_topic build --build-base /home/jayson/Chap3/topic_ws/build/demo_python_topic/build install --record /home/jayson/Chap3/topic_ws/build/demo_python_topic/install.log --single-version-externally-managed install_data
[1.081s] DEBUG:colcon.colcon_core.event_handler.log_command:Invoked command in '/home/jayson/Chap3/topic_ws/src/demo_python_topic' returned '0': PYTHONPATH=/home/jayson/Chap3/topic_ws/build/demo_python_topic/prefix_override:/usr/lib/python3/dist-packages/colcon_core/task/python/colcon_distutils_commands:/home/jayson/Chap3/topic_ws/install/demo_python_topic/lib/python3.10/site-packages:${PYTHONPATH} /usr/bin/python3 -W ignore:setup.py install is deprecated -W ignore:easy_install command is deprecated setup.py egg_info --egg-base ../../build/demo_python_topic build --build-base /home/jayson/Chap3/topic_ws/build/demo_python_topic/build install --record /home/jayson/Chap3/topic_ws/build/demo_python_topic/install.log --single-version-externally-managed install_data
[1.087s] Level 1:colcon.colcon_core.environment:checking '/home/jayson/Chap3/topic_ws/install/demo_python_topic' for CMake module files
[1.087s] Level 1:colcon.colcon_core.environment:checking '/home/jayson/Chap3/topic_ws/install/demo_python_topic' for CMake config files
[1.088s] Level 1:colcon.colcon_core.environment:checking '/home/jayson/Chap3/topic_ws/install/demo_python_topic/lib'
[1.088s] Level 1:colcon.colcon_core.environment:checking '/home/jayson/Chap3/topic_ws/install/demo_python_topic/bin'
[1.089s] Level 1:colcon.colcon_core.environment:checking '/home/jayson/Chap3/topic_ws/install/demo_python_topic/lib/pkgconfig/demo_python_topic.pc'
[1.089s] Level 1:colcon.colcon_core.environment:checking '/home/jayson/Chap3/topic_ws/install/demo_python_topic/lib/python3.10/site-packages'
[1.089s] Level 1:colcon.colcon_core.shell:create_environment_hook('demo_python_topic', 'pythonpath')
[1.089s] INFO:colcon.colcon_core.shell:Creating environment hook '/home/jayson/Chap3/topic_ws/install/demo_python_topic/share/demo_python_topic/hook/pythonpath.ps1'
[1.089s] INFO:colcon.colcon_core.shell:Creating environment descriptor '/home/jayson/Chap3/topic_ws/install/demo_python_topic/share/demo_python_topic/hook/pythonpath.dsv'
[1.090s] INFO:colcon.colcon_core.shell:Creating environment hook '/home/jayson/Chap3/topic_ws/install/demo_python_topic/share/demo_python_topic/hook/pythonpath.sh'
[1.090s] Level 1:colcon.colcon_core.environment:checking '/home/jayson/Chap3/topic_ws/install/demo_python_topic/bin'
[1.090s] Level 1:colcon.colcon_core.environment:create_environment_scripts_only(demo_python_topic)
[1.090s] INFO:colcon.colcon_core.shell:Creating package script '/home/jayson/Chap3/topic_ws/install/demo_python_topic/share/demo_python_topic/package.ps1'
[1.091s] INFO:colcon.colcon_core.shell:Creating package descriptor '/home/jayson/Chap3/topic_ws/install/demo_python_topic/share/demo_python_topic/package.dsv'
[1.092s] INFO:colcon.colcon_core.shell:Creating package script '/home/jayson/Chap3/topic_ws/install/demo_python_topic/share/demo_python_topic/package.sh'
[1.094s] INFO:colcon.colcon_core.shell:Creating package script '/home/jayson/Chap3/topic_ws/install/demo_python_topic/share/demo_python_topic/package.bash'
[1.095s] INFO:colcon.colcon_core.shell:Creating package script '/home/jayson/Chap3/topic_ws/install/demo_python_topic/share/demo_python_topic/package.zsh'
[1.095s] Level 1:colcon.colcon_core.environment:create_file_with_runtime_dependencies(/home/jayson/Chap3/topic_ws/install/demo_python_topic/share/colcon-core/packages/demo_python_topic)
[8.688s] DEBUG:colcon.colcon_core.event_handler.log_command:Invoked command in '/home/jayson/Chap3/topic_ws/build/demo_cpp_topic' returned '0': CMAKE_PREFIX_PATH=/opt/ros/humble /usr/bin/cmake --build /home/jayson/Chap3/topic_ws/build/demo_cpp_topic -- -j8 -l8
[8.703s] DEBUG:colcon.colcon_core.event_handler.log_command:Invoking command in '/home/jayson/Chap3/topic_ws/build/demo_cpp_topic': CMAKE_PREFIX_PATH=/opt/ros/humble /usr/bin/cmake --install /home/jayson/Chap3/topic_ws/build/demo_cpp_topic
[8.723s] Level 1:colcon.colcon_core.environment:create_environment_scripts_only(demo_cpp_topic)
[8.723s] Level 1:colcon.colcon_core.environment:checking '/home/jayson/Chap3/topic_ws/install/demo_cpp_topic' for CMake module files
[8.724s] DEBUG:colcon.colcon_core.event_handler.log_command:Invoked command in '/home/jayson/Chap3/topic_ws/build/demo_cpp_topic' returned '0': CMAKE_PREFIX_PATH=/opt/ros/humble /usr/bin/cmake --install /home/jayson/Chap3/topic_ws/build/demo_cpp_topic
[8.724s] Level 1:colcon.colcon_core.environment:checking '/home/jayson/Chap3/topic_ws/install/demo_cpp_topic' for CMake config files
[8.724s] Level 1:colcon.colcon_core.shell:create_environment_hook('demo_cpp_topic', 'cmake_prefix_path')
[8.724s] INFO:colcon.colcon_core.shell:Creating environment hook '/home/jayson/Chap3/topic_ws/install/demo_cpp_topic/share/demo_cpp_topic/hook/cmake_prefix_path.ps1'
[8.725s] INFO:colcon.colcon_core.shell:Creating environment descriptor '/home/jayson/Chap3/topic_ws/install/demo_cpp_topic/share/demo_cpp_topic/hook/cmake_prefix_path.dsv'
[8.725s] INFO:colcon.colcon_core.shell:Creating environment hook '/home/jayson/Chap3/topic_ws/install/demo_cpp_topic/share/demo_cpp_topic/hook/cmake_prefix_path.sh'
[8.726s] Level 1:colcon.colcon_core.environment:checking '/home/jayson/Chap3/topic_ws/install/demo_cpp_topic/lib'
[8.726s] Level 1:colcon.colcon_core.environment:checking '/home/jayson/Chap3/topic_ws/install/demo_cpp_topic/bin'
[8.726s] Level 1:colcon.colcon_core.environment:checking '/home/jayson/Chap3/topic_ws/install/demo_cpp_topic/lib/pkgconfig/demo_cpp_topic.pc'
[8.727s] Level 1:colcon.colcon_core.environment:checking '/home/jayson/Chap3/topic_ws/install/demo_cpp_topic/lib/python3.10/site-packages'
[8.727s] Level 1:colcon.colcon_core.environment:checking '/home/jayson/Chap3/topic_ws/install/demo_cpp_topic/bin'
[8.727s] INFO:colcon.colcon_core.shell:Creating package script '/home/jayson/Chap3/topic_ws/install/demo_cpp_topic/share/demo_cpp_topic/package.ps1'
[8.727s] INFO:colcon.colcon_core.shell:Creating package descriptor '/home/jayson/Chap3/topic_ws/install/demo_cpp_topic/share/demo_cpp_topic/package.dsv'
[8.728s] INFO:colcon.colcon_core.shell:Creating package script '/home/jayson/Chap3/topic_ws/install/demo_cpp_topic/share/demo_cpp_topic/package.sh'
[8.728s] INFO:colcon.colcon_core.shell:Creating package script '/home/jayson/Chap3/topic_ws/install/demo_cpp_topic/share/demo_cpp_topic/package.bash'
[8.728s] INFO:colcon.colcon_core.shell:Creating package script '/home/jayson/Chap3/topic_ws/install/demo_cpp_topic/share/demo_cpp_topic/package.zsh'
[8.729s] Level 1:colcon.colcon_core.environment:create_file_with_runtime_dependencies(/home/jayson/Chap3/topic_ws/install/demo_cpp_topic/share/colcon-core/packages/demo_cpp_topic)
[8.729s] Level 1:colcon.colcon_core.environment:create_environment_scripts_only(demo_cpp_topic)
[8.729s] Level 1:colcon.colcon_core.environment:checking '/home/jayson/Chap3/topic_ws/install/demo_cpp_topic' for CMake module files
[8.730s] Level 1:colcon.colcon_core.environment:checking '/home/jayson/Chap3/topic_ws/install/demo_cpp_topic' for CMake config files
[8.730s] Level 1:colcon.colcon_core.shell:create_environment_hook('demo_cpp_topic', 'cmake_prefix_path')
[8.730s] INFO:colcon.colcon_core.shell:Creating environment hook '/home/jayson/Chap3/topic_ws/install/demo_cpp_topic/share/demo_cpp_topic/hook/cmake_prefix_path.ps1'
[8.730s] INFO:colcon.colcon_core.shell:Creating environment descriptor '/home/jayson/Chap3/topic_ws/install/demo_cpp_topic/share/demo_cpp_topic/hook/cmake_prefix_path.dsv'
[8.730s] INFO:colcon.colcon_core.shell:Creating environment hook '/home/jayson/Chap3/topic_ws/install/demo_cpp_topic/share/demo_cpp_topic/hook/cmake_prefix_path.sh'
[8.731s] Level 1:colcon.colcon_core.environment:checking '/home/jayson/Chap3/topic_ws/install/demo_cpp_topic/lib'
[8.731s] Level 1:colcon.colcon_core.environment:checking '/home/jayson/Chap3/topic_ws/install/demo_cpp_topic/bin'
[8.731s] Level 1:colcon.colcon_core.environment:checking '/home/jayson/Chap3/topic_ws/install/demo_cpp_topic/lib/pkgconfig/demo_cpp_topic.pc'
[8.731s] Level 1:colcon.colcon_core.environment:checking '/home/jayson/Chap3/topic_ws/install/demo_cpp_topic/lib/python3.10/site-packages'
[8.731s] Level 1:colcon.colcon_core.environment:checking '/home/jayson/Chap3/topic_ws/install/demo_cpp_topic/bin'
[8.731s] INFO:colcon.colcon_core.shell:Creating package script '/home/jayson/Chap3/topic_ws/install/demo_cpp_topic/share/demo_cpp_topic/package.ps1'
[8.732s] INFO:colcon.colcon_core.shell:Creating package descriptor '/home/jayson/Chap3/topic_ws/install/demo_cpp_topic/share/demo_cpp_topic/package.dsv'
[8.732s] INFO:colcon.colcon_core.shell:Creating package script '/home/jayson/Chap3/topic_ws/install/demo_cpp_topic/share/demo_cpp_topic/package.sh'
[8.733s] INFO:colcon.colcon_core.shell:Creating package script '/home/jayson/Chap3/topic_ws/install/demo_cpp_topic/share/demo_cpp_topic/package.bash'
[8.733s] INFO:colcon.colcon_core.shell:Creating package script '/home/jayson/Chap3/topic_ws/install/demo_cpp_topic/share/demo_cpp_topic/package.zsh'
[8.733s] Level 1:colcon.colcon_core.environment:create_file_with_runtime_dependencies(/home/jayson/Chap3/topic_ws/install/demo_cpp_topic/share/colcon-core/packages/demo_cpp_topic)
[8.733s] DEBUG:colcon.colcon_parallel_executor.executor.parallel:closing loop
[8.734s] DEBUG:colcon.colcon_parallel_executor.executor.parallel:loop closed
[8.734s] DEBUG:colcon.colcon_parallel_executor.executor.parallel:run_until_complete finished with '0'
[8.734s] DEBUG:colcon.colcon_core.event_reactor:joining thread
[8.739s] INFO:colcon.colcon_core.plugin_system:Skipping extension 'colcon_notification.desktop_notification.terminal_notifier': Not used on non-Darwin systems
[8.739s] INFO:colcon.colcon_core.plugin_system:Skipping extension 'colcon_notification.desktop_notification.win32': Not used on non-Windows systems
[8.739s] INFO:colcon.colcon_notification.desktop_notification:Sending desktop notification using 'notify2'
[8.777s] DEBUG:colcon.colcon_core.event_reactor:joined thread
[8.777s] INFO:colcon.colcon_core.shell:Creating prefix script '/home/jayson/Chap3/topic_ws/install/local_setup.ps1'
[8.779s] INFO:colcon.colcon_core.shell:Creating prefix util module '/home/jayson/Chap3/topic_ws/install/_local_setup_util_ps1.py'
[8.781s] INFO:colcon.colcon_core.shell:Creating prefix chain script '/home/jayson/Chap3/topic_ws/install/setup.ps1'
[8.783s] INFO:colcon.colcon_core.shell:Creating prefix script '/home/jayson/Chap3/topic_ws/install/local_setup.sh'
[8.785s] INFO:colcon.colcon_core.shell:Creating prefix util module '/home/jayson/Chap3/topic_ws/install/_local_setup_util_sh.py'
[8.786s] INFO:colcon.colcon_core.shell:Creating prefix chain script '/home/jayson/Chap3/topic_ws/install/setup.sh'
[8.787s] INFO:colcon.colcon_core.shell:Creating prefix script '/home/jayson/Chap3/topic_ws/install/local_setup.bash'
[8.789s] INFO:colcon.colcon_core.shell:Creating prefix chain script '/home/jayson/Chap3/topic_ws/install/setup.bash'
[8.791s] INFO:colcon.colcon_core.shell:Creating prefix script '/home/jayson/Chap3/topic_ws/install/local_setup.zsh'
[8.792s] INFO:colcon.colcon_core.shell:Creating prefix chain script '/home/jayson/Chap3/topic_ws/install/setup.zsh'
