[0.329s] Invoking command in '/home/jayson/Chap3/topic_practice_ws/src/status_publisher': PYTHONPATH=/home/jayson/Chap3/topic_practice_ws/build/status_publisher/prefix_override:/usr/lib/python3/dist-packages/colcon_core/task/python/colcon_distutils_commands:/home/jayson/Chap3/topic_practice_ws/install/status_publisher/lib/python3.10/site-packages:${PYTHONPATH} /usr/bin/python3 -W ignore:setup.py install is deprecated -W ignore:easy_install command is deprecated setup.py egg_info --egg-base ../../build/status_publisher build --build-base /home/jayson/Chap3/topic_practice_ws/build/status_publisher/build install --record /home/jayson/Chap3/topic_practice_ws/build/status_publisher/install.log --single-version-externally-managed install_data
[0.455s] running egg_info
[0.455s] writing ../../build/status_publisher/status_publisher.egg-info/PKG-INFO
[0.456s] writing dependency_links to ../../build/status_publisher/status_publisher.egg-info/dependency_links.txt
[0.456s] writing entry points to ../../build/status_publisher/status_publisher.egg-info/entry_points.txt
[0.456s] writing requirements to ../../build/status_publisher/status_publisher.egg-info/requires.txt
[0.456s] writing top-level names to ../../build/status_publisher/status_publisher.egg-info/top_level.txt
[0.457s] reading manifest file '../../build/status_publisher/status_publisher.egg-info/SOURCES.txt'
[0.457s] adding license file 'LICENSE'
[0.457s] writing manifest file '../../build/status_publisher/status_publisher.egg-info/SOURCES.txt'
[0.458s] running build
[0.458s] running build_py
[0.458s] running install
[0.458s] running install_lib
[0.459s] running install_data
[0.459s] running install_egg_info
[0.460s] removing '/home/jayson/Chap3/topic_practice_ws/install/status_publisher/lib/python3.10/site-packages/status_publisher-0.0.0-py3.10.egg-info' (and everything under it)
[0.460s] Copying ../../build/status_publisher/status_publisher.egg-info to /home/jayson/Chap3/topic_practice_ws/install/status_publisher/lib/python3.10/site-packages/status_publisher-0.0.0-py3.10.egg-info
[0.460s] running install_scripts
[0.473s] Installing sys_status_pub script to /home/jayson/Chap3/topic_practice_ws/install/status_publisher/lib/status_publisher
[0.473s] writing list of installed files to '/home/jayson/Chap3/topic_practice_ws/build/status_publisher/install.log'
[0.486s] Invoked command in '/home/jayson/Chap3/topic_practice_ws/src/status_publisher' returned '0': PYTHONPATH=/home/jayson/Chap3/topic_practice_ws/build/status_publisher/prefix_override:/usr/lib/python3/dist-packages/colcon_core/task/python/colcon_distutils_commands:/home/jayson/Chap3/topic_practice_ws/install/status_publisher/lib/python3.10/site-packages:${PYTHONPATH} /usr/bin/python3 -W ignore:setup.py install is deprecated -W ignore:easy_install command is deprecated setup.py egg_info --egg-base ../../build/status_publisher build --build-base /home/jayson/Chap3/topic_practice_ws/build/status_publisher/build install --record /home/jayson/Chap3/topic_practice_ws/build/status_publisher/install.log --single-version-externally-managed install_data
